<?xml version="1.0" encoding="utf-8"?><testsuites name="pytest tests"><testsuite name="pytest" errors="0" failures="0" skipped="0" tests="4" time="0.760" timestamp="2026-07-27T16:58:34.172716+00:00" hostname="agent-env-569b4b68-1d3e-4de8-9ab2-3d3dd1b0b64b"><testcase classname="backend.tests.test_iteration14_register_consents.TestDemoLogin" name="test_demo_login_request_and_verify" time="0.294" /><testcase classname="backend.tests.test_iteration14_register_consents.TestRegisterRejects" name="test_missing_agreement_accepted_returns_400" time="0.087" /><testcase classname="backend.tests.test_iteration14_register_consents.TestRegisterRejects" name="test_missing_emergency_contact_returns_400" time="0.083" /><testcase classname="backend.tests.test_iteration14_register_consents.TestRegisterHappyPath" name="test_register_and_verify_stores_full_consents" time="0.234" /></testsuite></testsuites>