<?xml version="1.0" encoding="utf-8"?><testsuites name="pytest tests"><testsuite name="pytest" errors="0" failures="0" skipped="0" tests="9" time="5.128" timestamp="2026-07-26T06:30:19.292698+00:00" hostname="agent-env-569b4b68-1d3e-4de8-9ab2-3d3dd1b0b64b"><testcase classname="backend.tests.test_iteration13_low_mood_prompt.TestPsychologistsListing" name="test_only_one_ruchi_sharma" time="0.412" /><testcase classname="backend.tests.test_iteration13_low_mood_prompt.TestPsychologistsListing" name="test_no_legacy_fake_profiles" time="0.096" /><testcase classname="backend.tests.test_iteration13_low_mood_prompt.TestAvailability" name="test_availability_shape_and_content" time="0.253" /><testcase classname="backend.tests.test_iteration13_low_mood_prompt.TestBooking" name="test_create_order_real_razorpay" time="1.301" /><testcase classname="backend.tests.test_iteration13_low_mood_prompt.TestBooking" name="test_invalid_slot_id_returns_400" time="0.129" /><testcase classname="backend.tests.test_iteration13_low_mood_prompt.TestBooking" name="test_verify_invalid_signature_400" time="0.531" /><testcase classname="backend.tests.test_iteration13_low_mood_prompt.TestRegression" name="test_insights_ok" time="0.097" /><testcase classname="backend.tests.test_iteration13_low_mood_prompt.TestRegression" name="test_today_has_support_tier" time="0.109" /><testcase classname="backend.tests.test_iteration13_low_mood_prompt.TestRegression" name="test_otp_demo_flow" time="2.129" /></testsuite></testsuites>