<?xml version="1.0" encoding="utf-8"?><testsuites name="pytest tests"><testsuite name="pytest" errors="0" failures="0" skipped="0" tests="16" time="6.119" timestamp="2026-07-28T15:57:57.441445+00:00" hostname="agent-env-569b4b68-1d3e-4de8-9ab2-3d3dd1b0b64b"><testcase classname="backend.tests.test_phase1_realtime_booking.TestBookingOrder" name="test_double_book_409" time="1.929" /><testcase classname="backend.tests.test_phase1_realtime_booking.TestBookingOrder" name="test_idempotency_returns_same_booking" time="0.821" /><testcase classname="backend.tests.test_phase1_realtime_booking.TestPsyGating" name="test_user_forbidden_on_psy_bookings" time="0.108" /><testcase classname="backend.tests.test_phase1_realtime_booking.TestPsyGating" name="test_user_forbidden_on_accept" time="0.132" /><testcase classname="backend.tests.test_phase1_realtime_booking.TestPsyGating" name="test_user_forbidden_on_decline" time="0.137" /><testcase classname="backend.tests.test_phase1_realtime_booking.TestPsyGating" name="test_user_forbidden_on_reschedule" time="0.185" /><testcase classname="backend.tests.test_phase1_realtime_booking.TestPsyGating" name="test_psy_can_list_bookings" time="0.508" /><testcase classname="backend.tests.test_phase1_realtime_booking.TestPsyGating" name="test_psy_me" time="0.129" /><testcase classname="backend.tests.test_phase1_realtime_booking.TestPsyActionsAndAudit" name="test_accept_flow" time="0.228" /><testcase classname="backend.tests.test_phase1_realtime_booking.TestPsyActionsAndAudit" name="test_decline_flow" time="0.133" /><testcase classname="backend.tests.test_phase1_realtime_booking.TestPsyActionsAndAudit" name="test_reschedule_flow" time="0.300" /><testcase classname="backend.tests.test_phase1_realtime_booking.TestNotifications" name="test_list_notifications" time="0.138" /><testcase classname="backend.tests.test_phase1_realtime_booking.TestNotifications" name="test_unread_count" time="0.119" /><testcase classname="backend.tests.test_phase1_realtime_booking.TestNotifications" name="test_read_all" time="0.212" /><testcase classname="backend.tests.test_phase1_realtime_booking.TestAdminPsychologistCRUD" name="test_create_and_delete" time="0.761" /><testcase classname="backend.tests.test_phase1_realtime_booking.TestAdminPsychologistCRUD" name="test_admin_bad_passcode" time="0.124" /></testsuite></testsuites>