<?xml version="1.0" encoding="utf-8"?><testsuites name="pytest tests"><testsuite name="pytest" errors="0" failures="0" skipped="0" tests="15" time="24.961" timestamp="2026-07-18T10:58:23.000812+00:00" hostname="agent-env-569b4b68-1d3e-4de8-9ab2-3d3dd1b0b64b"><testcase classname="backend.tests.test_iteration8_twilio_razorpay.TestPhoneValidationAndOtp" name="test_demo_bypass_returns_dev_code" time="0.211" /><testcase classname="backend.tests.test_iteration8_twilio_razorpay.TestPhoneValidationAndOtp" name="test_verify_demo_returns_token_and_user" time="22.171" /><testcase classname="backend.tests.test_iteration8_twilio_razorpay.TestPhoneValidationAndOtp" name="test_reject_short_non_indian_number" time="0.050" /><testcase classname="backend.tests.test_iteration8_twilio_razorpay.TestPhoneValidationAndOtp" name="test_reject_us_number" time="0.050" /><testcase classname="backend.tests.test_iteration8_twilio_razorpay.TestPhoneValidationAndOtp" name="test_reject_indian_leading_5" time="0.046" /><testcase classname="backend.tests.test_iteration8_twilio_razorpay.TestAuthProtectedEndpoints" name="test_today" time="0.145" /><testcase classname="backend.tests.test_iteration8_twilio_razorpay.TestAuthProtectedEndpoints" name="test_insights" time="0.051" /><testcase classname="backend.tests.test_iteration8_twilio_razorpay.TestAuthProtectedEndpoints" name="test_progress" time="0.053" /><testcase classname="backend.tests.test_iteration8_twilio_razorpay.TestAuthProtectedEndpoints" name="test_psychologists_list" time="0.049" /><testcase classname="backend.tests.test_iteration8_twilio_razorpay.TestBookingRazorpay" name="test_create_order_returns_rzp_test_key_and_amount" time="0.952" /><testcase classname="backend.tests.test_iteration8_twilio_razorpay.TestBookingRazorpay" name="test_verify_rejects_fabricated_signature" time="0.506" /><testcase classname="backend.tests.test_iteration8_twilio_razorpay.TestBookingRazorpay" name="test_pending_booking_not_in_list" time="0.442" /><testcase classname="backend.tests.test_iteration8_twilio_razorpay.TestBookingAuth" name="test_order_requires_auth" time="0.045" /><testcase classname="backend.tests.test_iteration8_twilio_razorpay.TestBookingAuth" name="test_verify_requires_auth" time="0.048" /><testcase classname="backend.tests.test_iteration8_twilio_razorpay.TestBookingAuth" name="test_list_requires_auth" time="0.088" /></testsuite></testsuites>