<?xml version="1.0" encoding="utf-8"?><testsuites name="pytest tests"><testsuite name="pytest" errors="0" failures="0" skipped="0" tests="16" time="1.114" timestamp="2026-07-20T04:18:04.574750+00:00" hostname="agent-env-569b4b68-1d3e-4de8-9ab2-3d3dd1b0b64b"><testcase classname="backend.tests.test_iteration12_clinical_review.TestSecurityInvalidTokens" name="test_no_auth_header_returns_401" time="0.240" /><testcase classname="backend.tests.test_iteration12_clinical_review.TestSecurityInvalidTokens" name="test_garbage_bearer_returns_401" time="0.046" /><testcase classname="backend.tests.test_iteration12_clinical_review.TestSecurityInvalidTokens" name="test_valid_shape_bad_signature_returns_401" time="0.042" /><testcase classname="backend.tests.test_iteration12_clinical_review.TestSecurityInvalidTokens" name="test_malformed_objectid_in_sub_returns_401" time="0.134" /><testcase classname="backend.tests.test_iteration12_clinical_review.TestSecurityInvalidTokens" name="test_valid_token_returns_200" time="0.049" /><testcase classname="backend.tests.test_iteration12_clinical_review.TestLegacyAuthRoutesRemoved" name="test_legacy_register_is_404" time="0.045" /><testcase classname="backend.tests.test_iteration12_clinical_review.TestLegacyAuthRoutesRemoved" name="test_legacy_login_is_404" time="0.044" /><testcase classname="backend.tests.test_iteration12_clinical_review.TestOtpAuth" name="test_request_otp_returns_dev_code" time="0.045" /><testcase classname="backend.tests.test_iteration12_clinical_review.TestOtpAuth" name="test_verify_otp_returns_token_and_user" time="0.049" /><testcase classname="backend.tests.test_iteration12_clinical_review.TestTieredSupport" name="test_today_returns_support_tier_fields" time="0.054" /><testcase classname="backend.tests.test_iteration12_clinical_review.TestTieredSupport" name="test_seeded_demo_today_is_escalate" time="0.057" /><testcase classname="backend.tests.test_iteration12_clinical_review.TestCheckinLowMood" name="test_low_mood_flag_true_for_heavy" time="0.046" /><testcase classname="backend.tests.test_iteration12_clinical_review.TestCheckinLowMood" name="test_low_mood_flag_true_for_anxious" time="0.044" /><testcase classname="backend.tests.test_iteration12_clinical_review.TestCheckinLowMood" name="test_low_mood_flag_true_for_frustrated" time="0.049" /><testcase classname="backend.tests.test_iteration12_clinical_review.TestCheckinLowMood" name="test_low_mood_flag_false_for_calm" time="0.049" /><testcase classname="backend.tests.test_iteration12_clinical_review.TestBookingOrderReachable" name="test_booking_order_endpoint_reachable" time="0.046" /></testsuite></testsuites>