<?xml version="1.0" encoding="utf-8"?><testsuites name="pytest tests"><testsuite name="pytest" errors="0" failures="0" skipped="0" tests="7" time="0.858" timestamp="2026-07-18T12:25:34.941534+00:00" hostname="agent-env-569b4b68-1d3e-4de8-9ab2-3d3dd1b0b64b"><testcase classname="backend.tests.test_iteration9_phase2_3.TestDemoLogin" name="test_request_otp_login_demo" time="0.230" /><testcase classname="backend.tests.test_iteration9_phase2_3.TestDemoLogin" name="test_verify_otp_demo_returns_token_and_user" time="0.089" /><testcase classname="backend.tests.test_iteration9_phase2_3.TestDemoLogin" name="test_insights_streak_field_for_demo" time="0.274" /><testcase classname="backend.tests.test_iteration9_phase2_3.TestRegisterValidation" name="test_missing_emergency_contact_returns_400" time="0.066" /><testcase classname="backend.tests.test_iteration9_phase2_3.TestRegisterValidation" name="test_partial_emergency_contact_returns_400" time="0.058" /><testcase classname="backend.tests.test_iteration9_phase2_3.TestRegisterValidation" name="test_missing_agreement_returns_400" time="0.041" /><testcase classname="backend.tests.test_iteration9_phase2_3.TestRegisterValidation" name="test_agreement_false_returns_400" time="0.044" /></testsuite></testsuites>