<?xml version="1.0" encoding="utf-8"?><testsuites name="pytest tests"><testsuite name="pytest" errors="0" failures="0" skipped="0" tests="37" time="3.258" timestamp="2026-07-18T07:54:57.962928+00:00" hostname="agent-env-569b4b68-1d3e-4de8-9ab2-3d3dd1b0b64b"><testcase classname="backend.tests.test_therapishots_api.TestPublic" name="test_root" time="0.215" /><testcase classname="backend.tests.test_therapishots_api.TestPublic" name="test_config" time="0.046" /><testcase classname="backend.tests.test_therapishots_api.TestOtpAuth" name="test_register_missing_name_or_dob" time="0.043" /><testcase classname="backend.tests.test_therapishots_api.TestOtpAuth" name="test_register_under_18" time="0.044" /><testcase classname="backend.tests.test_therapishots_api.TestOtpAuth" name="test_register_full_flow_returns_dev_code_and_token" time="0.112" /><testcase classname="backend.tests.test_therapishots_api.TestOtpAuth" name="test_register_duplicate_phone_rejected" time="0.134" /><testcase classname="backend.tests.test_therapishots_api.TestOtpAuth" name="test_login_no_account_404" time="0.042" /><testcase classname="backend.tests.test_therapishots_api.TestOtpAuth" name="test_verify_wrong_code_401" time="0.087" /><testcase classname="backend.tests.test_therapishots_api.TestOtpAuth" name="test_demo_phone_login" time="0.129" /><testcase classname="backend.tests.test_therapishots_api.TestOtpAuth" name="test_me_no_auth" time="0.042" /><testcase classname="backend.tests.test_therapishots_api.TestOtpAuth" name="test_me_with_token" time="0.044" /><testcase classname="backend.tests.test_therapishots_api.TestOtpAuth" name="test_resend_cooldown_informational" time="0.123" /><testcase classname="backend.tests.test_therapishots_api.TestCheckins" name="test_create_and_today_shows_entry" time="0.047" /><testcase classname="backend.tests.test_therapishots_api.TestCheckins" name="test_multiple_checkins_per_day_allowed" time="0.184" /><testcase classname="backend.tests.test_therapishots_api.TestCheckins" name="test_unknown_mood" time="0.042" /><testcase classname="backend.tests.test_therapishots_api.TestAnalytics" name="test_today" time="0.054" /><testcase classname="backend.tests.test_therapishots_api.TestAnalytics" name="test_insights_daily_moods" time="0.045" /><testcase classname="backend.tests.test_therapishots_api.TestAnalytics" name="test_pulse" time="0.045" /><testcase classname="backend.tests.test_therapishots_api.TestAnalytics" name="test_progress" time="0.045" /><testcase classname="backend.tests.test_therapishots_api.TestTodayCallRecommendation" name="test_demo_user_call_recommended_flags_present" time="0.133" /><testcase classname="backend.tests.test_therapishots_api.TestTodayCallRecommendation" name="test_call_recommended_true_when_latest_is_low" time="0.089" /><testcase classname="backend.tests.test_therapishots_api.TestTodayCallRecommendation" name="test_call_recommended_false_when_latest_bright_and_no_repeated_low" time="0.183" /><testcase classname="backend.tests.test_therapishots_api.TestPsychologists" name="test_list_all" time="0.045" /><testcase classname="backend.tests.test_therapishots_api.TestPsychologists" name="test_profiles_include_15min_call_and_short_price" time="0.044" /><testcase classname="backend.tests.test_therapishots_api.TestPsychologists" name="test_get_by_id_with_availability" time="0.089" /><testcase classname="backend.tests.test_therapishots_api.TestPsychologists" name="test_get_by_id_404" time="0.042" /><testcase classname="backend.tests.test_therapishots_api.TestPsychologists" name="test_requires_auth" time="0.042" /><testcase classname="backend.tests.test_therapishots_api.TestBookings" name="test_create_booking_with_mock_payment" time="0.171" /><testcase classname="backend.tests.test_therapishots_api.TestBookings" name="test_cancel_booking" time="0.220" /><testcase classname="backend.tests.test_therapishots_api.TestBookings" name="test_15min_call_charges_short_call_price" time="0.151" /><testcase classname="backend.tests.test_therapishots_api.TestBookings" name="test_video_session_charges_full_price" time="0.170" /><testcase classname="backend.tests.test_therapishots_api.TestAuthEnforcement" name="test_endpoint_requires_auth[/today]" time="0.043" /><testcase classname="backend.tests.test_therapishots_api.TestAuthEnforcement" name="test_endpoint_requires_auth[/insights]" time="0.041" /><testcase classname="backend.tests.test_therapishots_api.TestAuthEnforcement" name="test_endpoint_requires_auth[/pulse]" time="0.081" /><testcase classname="backend.tests.test_therapishots_api.TestAuthEnforcement" name="test_endpoint_requires_auth[/progress]" time="0.042" /><testcase classname="backend.tests.test_therapishots_api.TestAuthEnforcement" name="test_endpoint_requires_auth[/psychologists]" time="0.041" /><testcase classname="backend.tests.test_therapishots_api.TestAuthEnforcement" name="test_endpoint_requires_auth[/bookings]" time="0.043" /></testsuite></testsuites>