<?xml version="1.0" encoding="utf-8"?><testsuites name="pytest tests"><testsuite name="pytest" errors="0" failures="0" skipped="0" tests="7" time="1.571" timestamp="2026-07-18T12:59:44.084442+00:00" hostname="agent-env-569b4b68-1d3e-4de8-9ab2-3d3dd1b0b64b"><testcase classname="backend.tests.test_iteration10_tabbar_daynotice.TestAuthRegression" name="test_demo_login_returns_dev_code" time="0.166" /><testcase classname="backend.tests.test_iteration10_tabbar_daynotice.TestAuthRegression" name="test_demo_verify_returns_token" time="0.047" /><testcase classname="backend.tests.test_iteration10_tabbar_daynotice.TestTodayDayNotice" name="test_today_endpoint_returns_day_notice_key" time="0.145" /><testcase classname="backend.tests.test_iteration10_tabbar_daynotice.TestTodayDayNotice" name="test_day_notice_present_after_checkin" time="0.652" /><testcase classname="backend.tests.test_iteration10_tabbar_daynotice.TestTodayDayNotice" name="test_day_notice_reflects_low_mood" time="0.395" /><testcase classname="backend.tests.test_iteration10_tabbar_daynotice.TestTodayDayNotice" name="test_day_notice_null_when_no_entries_and_regression_greeting" time="0.056" /><testcase classname="backend.tests.test_iteration10_tabbar_daynotice.TestInsightsRegression" name="test_insights_has_streak" time="0.050" /></testsuite></testsuites>