<?xml version="1.0" encoding="utf-8"?><testsuites name="pytest tests"><testsuite name="pytest" errors="0" failures="0" skipped="0" tests="7" time="0.646" timestamp="2026-07-18T14:09:22.953708+00:00" hostname="agent-env-569b4b68-1d3e-4de8-9ab2-3d3dd1b0b64b"><testcase classname="backend.tests.test_mood_clinical_review_download" name="test_status_200" time="0.307" /><testcase classname="backend.tests.test_mood_clinical_review_download" name="test_public_no_auth_required" time="0.288" /><testcase classname="backend.tests.test_mood_clinical_review_download" name="test_content_type_is_docx" time="0.000" /><testcase classname="backend.tests.test_mood_clinical_review_download" name="test_content_disposition_attachment" time="0.000" /><testcase classname="backend.tests.test_mood_clinical_review_download" name="test_body_size_greater_than_10kb" time="0.000" /><testcase classname="backend.tests.test_mood_clinical_review_download" name="test_body_is_valid_docx_pk_signature" time="0.000" /><testcase classname="backend.tests.test_mood_clinical_review_download" name="test_body_matches_source_file_size" time="0.000" /></testsuite></testsuites>